<?xml version="1.0" encoding="UTF-8"?>
<!-- Generated by org.testng.reporters.JUnitReportReporter -->
<testsuite hostname="thrymr-To-be-filled-by-O-E-M" name="com.testng.poc.PriorityExample" tests="3" failures="0" timestamp="2 Jan 2020 09:02:54 GMT" time="0.015" errors="0">
  <testcase name="TestOne" time="0.009" classname="com.testng.poc.PriorityExample"/>
  <testcase name="TestThree" time="0.005" classname="com.testng.poc.PriorityExample"/>
  <testcase name="TestTwo" time="0.001" classname="com.testng.poc.PriorityExample"/>
</testsuite> <!-- com.testng.poc.PriorityExample -->
