<?xml version="1.0" encoding="UTF-8"?>
<!-- Generated by org.testng.reporters.JUnitReportReporter -->
<testsuite hostname="thrymr-To-be-filled-by-O-E-M" name="com.testng.poc.TestCase3Annotations" tests="2" failures="0" timestamp="31 Dec 2019 10:32:47 GMT" time="0.004" errors="0">
  <testcase name="method2" time="0.001" classname="com.testng.poc.TestCase3Annotations"/>
  <testcase name="method1" time="0.003" classname="com.testng.poc.TestCase3Annotations"/>
</testsuite> <!-- com.testng.poc.TestCase3Annotations -->
