<?xml version="1.0" encoding="UTF-8"?>
<!-- Generated by org.testng.reporters.JUnitReportReporter -->
<testsuite hostname="thrymr-To-be-filled-by-O-E-M" name="com.testng.poc.TestCase2" tests="4" failures="0" timestamp="31 Dec 2019 10:03:04 GMT" time="0.004" errors="0">
  <testcase name="searchCustomer" time="0.001" classname="com.testng.poc.TestCase2"/>
  <testcase name="setUp" time="0.001" classname="com.testng.poc.TestCase2"/>
  <testcase name="addCustomer" time="0.001" classname="com.testng.poc.TestCase2"/>
  <testcase name="tearDown" time="0.001" classname="com.testng.poc.TestCase2"/>
</testsuite> <!-- com.testng.poc.TestCase2 -->
