<?xml version="1.0" encoding="UTF-8"?>
<!-- Generated by org.testng.reporters.JUnitReportReporter -->
<testsuite hostname="thrymr-To-be-filled-by-O-E-M" name="com.testng.poc.TestCase1" tests="3" failures="0" timestamp="31 Dec 2019 10:03:04 GMT" time="0.023" errors="0">
  <testcase name="tearDown" time="0.002" classname="com.testng.poc.TestCase1"/>
  <testcase name="login" time="0.004" classname="com.testng.poc.TestCase1"/>
  <testcase name="setUp" time="0.017" classname="com.testng.poc.TestCase1"/>
</testsuite> <!-- com.testng.poc.TestCase1 -->
