<?xml version="1.0" encoding="UTF-8"?>
<!-- Generated by org.testng.reporters.JUnitReportReporter -->
<testsuite hostname="thrymr-To-be-filled-by-O-E-M" name="com.testng.parallel.ParallelTest2" tests="1" failures="0" timestamp="3 Jan 2020 11:43:38 GMT" time="3.451" errors="0">
  <testcase name="LoginTest" time="3.451" classname="com.testng.parallel.ParallelTest2"/>
</testsuite> <!-- com.testng.parallel.ParallelTest2 -->
