<?xml version="1.0" encoding="UTF-8"?>
<!-- Generated by org.testng.reporters.JUnitReportReporter -->
<testsuite hostname="thrymr-To-be-filled-by-O-E-M" name="com.testng.poc.DataProviderExample" tests="2" failures="0" timestamp="2 Jan 2020 15:24:48 GMT" time="0.009" errors="0">
  <testcase name="LoginTest" time="0.008" classname="com.testng.poc.DataProviderExample"/>
  <testcase name="LoginTest" time="0.001" classname="com.testng.poc.DataProviderExample"/>
</testsuite> <!-- com.testng.poc.DataProviderExample -->
