<?xml version="1.0" encoding="UTF-8"?>
<!-- Generated by org.testng.reporters.JUnitReportReporter -->
<testsuite hostname="thrymr-To-be-filled-by-O-E-M" name="com.testng.poc.GroupingExample" tests="5" failures="0" timestamp="2 Jan 2020 12:44:38 GMT" time="0.051" errors="0">
  <testcase name="Test5" time="0.001" classname="com.testng.poc.GroupingExample"/>
  <testcase name="Test2" time="0.002" classname="com.testng.poc.GroupingExample"/>
  <testcase name="Test4" time="0.001" classname="com.testng.poc.GroupingExample"/>
  <testcase name="Test1" time="0.039" classname="com.testng.poc.GroupingExample"/>
  <testcase name="Test3" time="0.008" classname="com.testng.poc.GroupingExample"/>
</testsuite> <!-- com.testng.poc.GroupingExample -->
